2025-03-09 19:52:58,198 INFO o.a.j.u.JMeterUtils: Setting Locale to en_EN
2025-03-09 19:52:58,228 INFO o.a.j.JMeter: Loading user properties from: D:\Jmeter\apache-jmeter-5.6.3\bin\user.properties
2025-03-09 19:52:58,228 INFO o.a.j.JMeter: Loading system properties from: D:\Jmeter\apache-jmeter-5.6.3\bin\system.properties
2025-03-09 19:52:58,237 INFO o.a.j.JMeter: Copyright (c) 1998-2024 The Apache Software Foundation
2025-03-09 19:52:58,238 INFO o.a.j.JMeter: Version 5.6.3
2025-03-09 19:52:58,238 INFO o.a.j.JMeter: java.version=17.0.12
2025-03-09 19:52:58,238 INFO o.a.j.JMeter: java.vm.name=Java HotSpot(TM) 64-Bit Server VM
2025-03-09 19:52:58,238 INFO o.a.j.JMeter: os.name=Windows 11
2025-03-09 19:52:58,238 INFO o.a.j.JMeter: os.arch=amd64
2025-03-09 19:52:58,238 INFO o.a.j.JMeter: os.version=10.0
2025-03-09 19:52:58,238 INFO o.a.j.JMeter: file.encoding=Cp1252
2025-03-09 19:52:58,238 INFO o.a.j.JMeter: java.awt.headless=true
2025-03-09 19:52:58,238 INFO o.a.j.JMeter: Max memory     =1073741824
2025-03-09 19:52:58,238 INFO o.a.j.JMeter: Available Processors =12
2025-03-09 19:52:58,248 INFO o.a.j.JMeter: Default Locale=English (EN)
2025-03-09 19:52:58,249 INFO o.a.j.JMeter: JMeter  Locale=English (EN)
2025-03-09 19:52:58,249 INFO o.a.j.JMeter: JMeterHome=D:\Jmeter\apache-jmeter-5.6.3
2025-03-09 19:52:58,249 INFO o.a.j.JMeter: user.dir  =D:\Jmeter\apache-jmeter-5.6.3\bin\raad_reports
2025-03-09 19:52:58,249 INFO o.a.j.JMeter: PWD       =D:\Jmeter\apache-jmeter-5.6.3\bin\raad_reports
2025-03-09 19:52:58,251 INFO o.a.j.JMeter: IP: 192.168.1.104 Name: ASPIRE7 FullName: ASPIRE7
2025-03-09 19:52:58,267 INFO o.a.j.JMeter: Setting property 'jmeter.reportgenerator.outputdir' to:'D:\Jmeter\apache-jmeter-5.6.3\bin\raad_reports\Reports'
2025-03-09 19:52:58,270 INFO o.a.j.s.FileServer: Default base='D:\Jmeter\apache-jmeter-5.6.3\bin\raad_reports'
2025-03-09 19:52:58,272 INFO o.a.j.s.FileServer: Set new base='D:\Jmeter\apache-jmeter-5.6.3\bin\raad_reports\.'
2025-03-09 19:52:58,469 INFO o.a.j.s.SaveService: Testplan (JMX) version: 2.2. Testlog (JTL) version: 2.2
2025-03-09 19:52:58,498 INFO o.a.j.s.SaveService: Using SaveService properties version 5.0
2025-03-09 19:52:58,502 INFO o.a.j.s.SaveService: Using SaveService properties file encoding UTF-8
2025-03-09 19:52:58,505 INFO o.a.j.s.SaveService: Loading file: .\Book API_raad.jmx
2025-03-09 19:52:58,562 INFO o.a.j.p.h.s.HTTPSamplerBase: Parser for text/html is org.apache.jmeter.protocol.http.parser.LagartoBasedHtmlParser
2025-03-09 19:52:58,563 INFO o.a.j.p.h.s.HTTPSamplerBase: Parser for application/xhtml+xml is org.apache.jmeter.protocol.http.parser.LagartoBasedHtmlParser
2025-03-09 19:52:58,563 INFO o.a.j.p.h.s.HTTPSamplerBase: Parser for application/xml is org.apache.jmeter.protocol.http.parser.LagartoBasedHtmlParser
2025-03-09 19:52:58,563 INFO o.a.j.p.h.s.HTTPSamplerBase: Parser for text/xml is org.apache.jmeter.protocol.http.parser.LagartoBasedHtmlParser
2025-03-09 19:52:58,563 INFO o.a.j.p.h.s.HTTPSamplerBase: Parser for text/vnd.wap.wml is org.apache.jmeter.protocol.http.parser.RegexpHTMLParser
2025-03-09 19:52:58,563 INFO o.a.j.p.h.s.HTTPSamplerBase: Parser for text/css is org.apache.jmeter.protocol.http.parser.CssParser
2025-03-09 19:52:58,594 INFO o.a.j.JMeter: Creating summariser <summary>
2025-03-09 19:52:58,599 INFO o.a.j.r.d.ReportGenerator: ReportGenerator will use for Parsing the separator: ','
2025-03-09 19:52:58,599 INFO o.a.j.r.d.ReportGenerator: Will generate report at end of test from  results file: .\Book API_raad.jtl
2025-03-09 19:52:58,599 INFO o.a.j.r.d.ReportGenerator: Reading report generator properties from: D:\Jmeter\apache-jmeter-5.6.3\bin\reportgenerator.properties
2025-03-09 19:52:58,613 INFO o.a.j.r.d.ReportGenerator: Merging with JMeter properties
2025-03-09 19:52:58,617 INFO o.a.j.r.c.ReportGeneratorConfiguration: Property 'jmeter.reportgenerator.temp_dir' not found, using default value 'temp' instead.
2025-03-09 19:52:58,621 INFO o.a.j.r.c.ReportGeneratorConfiguration: Property 'jmeter.reportgenerator.apdex_per_transaction' not found, using default value 'null' instead.
2025-03-09 19:52:58,621 INFO o.a.j.r.c.ReportGeneratorConfiguration: apdex_per_transaction is empty, not APDEX per transaction customization
2025-03-09 19:52:58,621 INFO o.a.j.r.c.ReportGeneratorConfiguration: Property 'jmeter.reportgenerator.sample_filter' not found, using default value 'null' instead.
2025-03-09 19:52:58,621 INFO o.a.j.r.c.ReportGeneratorConfiguration: Property 'jmeter.reportgenerator.report_title' not found, using default value 'null' instead.
2025-03-09 19:52:58,621 INFO o.a.j.r.c.ReportGeneratorConfiguration: Property 'jmeter.reportgenerator.start_date' not found, using default value 'null' instead.
2025-03-09 19:52:58,621 INFO o.a.j.r.c.ReportGeneratorConfiguration: Property 'jmeter.reportgenerator.end_date' not found, using default value 'null' instead.
2025-03-09 19:52:58,621 INFO o.a.j.r.c.ReportGeneratorConfiguration: Property 'jmeter.reportgenerator.date_format' not found, using default value 'null' instead.
2025-03-09 19:52:58,622 INFO o.a.j.r.c.ReportGeneratorConfiguration: Will use date range start date: null, end date: null
2025-03-09 19:52:58,626 INFO o.a.j.r.c.ReportGeneratorConfiguration: Property 'jmeter.reportgenerator.graph.totalTPS.exclude_controllers' not found, using default value 'false' instead.
2025-03-09 19:52:58,626 INFO o.a.j.r.c.ReportGeneratorConfiguration: Property 'jmeter.reportgenerator.graph.activeThreadsOverTime.exclude_controllers' not found, using default value 'false' instead.
2025-03-09 19:52:58,626 INFO o.a.j.r.c.ReportGeneratorConfiguration: Property 'jmeter.reportgenerator.graph.timeVsThreads.exclude_controllers' not found, using default value 'false' instead.
2025-03-09 19:52:58,626 INFO o.a.j.r.c.ReportGeneratorConfiguration: Property 'jmeter.reportgenerator.graph.responseTimeDistribution.exclude_controllers' not found, using default value 'false' instead.
2025-03-09 19:52:58,626 INFO o.a.j.r.c.ReportGeneratorConfiguration: Property 'jmeter.reportgenerator.graph.transactionsPerSecond.exclude_controllers' not found, using default value 'false' instead.
2025-03-09 19:52:58,626 INFO o.a.j.r.c.ReportGeneratorConfiguration: Property 'jmeter.reportgenerator.graph.responseTimePercentiles.exclude_controllers' not found, using default value 'false' instead.
2025-03-09 19:52:58,626 INFO o.a.j.r.c.ReportGeneratorConfiguration: Property 'jmeter.reportgenerator.graph.responseTimePercentilesOverTime.exclude_controllers' not found, using default value 'false' instead.
2025-03-09 19:52:58,626 INFO o.a.j.r.c.ReportGeneratorConfiguration: Property 'jmeter.reportgenerator.graph.responseTimesOverTime.exclude_controllers' not found, using default value 'false' instead.
2025-03-09 19:52:58,627 INFO o.a.j.r.c.ReportGeneratorConfiguration: Property 'jmeter.reportgenerator.graph.connectTimeOverTime.exclude_controllers' not found, using default value 'false' instead.
2025-03-09 19:52:58,627 INFO o.a.j.r.c.ReportGeneratorConfiguration: Property 'jmeter.reportgenerator.graph.latenciesOverTime.exclude_controllers' not found, using default value 'false' instead.
2025-03-09 19:52:58,629 INFO o.a.j.r.c.ReportGeneratorConfiguration: Property 'jmeter.reportgenerator.exporter.json.filters_only_sample_series' not found, using default value 'true' instead.
2025-03-09 19:52:58,629 INFO o.a.j.r.c.ReportGeneratorConfiguration: Property 'jmeter.reportgenerator.exporter.json.series_filter' not found, using default value '' instead.
2025-03-09 19:52:58,629 INFO o.a.j.r.c.ReportGeneratorConfiguration: Property 'jmeter.reportgenerator.exporter.json.show_controllers_only' not found, using default value 'false' instead.
2025-03-09 19:52:58,630 INFO o.a.j.r.c.ReportGeneratorConfiguration: Property 'jmeter.reportgenerator.exporter.html.filters_only_sample_series' not found, using default value 'true' instead.
2025-03-09 19:52:58,630 INFO o.a.j.r.c.ReportGeneratorConfiguration: Property 'jmeter.reportgenerator.exporter.html.series_filter' not found, using default value '' instead.
2025-03-09 19:52:58,630 INFO o.a.j.r.c.ReportGeneratorConfiguration: Property 'jmeter.reportgenerator.exporter.html.show_controllers_only' not found, using default value 'false' instead.
2025-03-09 19:52:58,650 INFO o.a.j.e.StandardJMeterEngine: Running the test!
2025-03-09 19:52:58,651 INFO o.a.j.s.SampleEvent: List of sample_variables: []
2025-03-09 19:52:58,651 INFO o.a.j.s.SampleEvent: List of sample_variables: []
2025-03-09 19:52:58,656 INFO o.a.j.e.u.CompoundVariable: Note: Function class names must contain the string: '.functions.'
2025-03-09 19:52:58,656 INFO o.a.j.e.u.CompoundVariable: Note: Function class names must not contain the string: '.gui.'
2025-03-09 19:52:58,745 INFO o.a.j.JMeter: Running test (1741528378745)
2025-03-09 19:52:58,768 INFO o.a.j.e.StandardJMeterEngine: Starting ThreadGroup: 1 : Thread Group
2025-03-09 19:52:58,769 INFO o.a.j.e.StandardJMeterEngine: Starting 166 threads for group Thread Group.
2025-03-09 19:52:58,769 INFO o.a.j.e.StandardJMeterEngine: Thread will continue on error
2025-03-09 19:52:58,769 INFO o.a.j.t.ThreadGroup: Starting thread group... number=1 threads=166 ramp-up=60 delayedStart=false
2025-03-09 19:52:58,778 INFO o.a.j.t.JMeterThread: Thread started: Thread Group 1-1
2025-03-09 19:52:58,801 INFO o.a.j.p.h.s.HTTPHCAbstractImpl: Local host = ASPIRE7
2025-03-09 19:52:58,813 INFO o.a.j.p.h.s.HTTPHC4Impl: HTTP request retry count = 0
2025-03-09 19:52:58,814 INFO o.a.j.s.SampleResult: Note: Sample TimeStamps are START times
2025-03-09 19:52:58,815 INFO o.a.j.s.SampleResult: sampleresult.default.encoding is set to UTF-8
2025-03-09 19:52:58,815 INFO o.a.j.s.SampleResult: sampleresult.useNanoTime=true
2025-03-09 19:52:58,815 INFO o.a.j.s.SampleResult: sampleresult.nanoThreadSleep=5000
2025-03-09 19:52:58,825 INFO o.a.j.t.ThreadGroup: Started thread group number 1
2025-03-09 19:52:58,825 INFO o.a.j.e.StandardJMeterEngine: All thread groups have been started
2025-03-09 19:52:58,926 INFO o.a.j.p.h.s.h.LazyLayeredConnectionSocketFactory: Setting up HTTPS TrustAll Socket Factory
2025-03-09 19:52:58,932 INFO o.a.j.u.JsseSSLManager: Using default SSL protocol: TLS
2025-03-09 19:52:58,932 INFO o.a.j.u.JsseSSLManager: SSL session context: per-thread
2025-03-09 19:52:59,137 INFO o.a.j.t.JMeterThread: Thread started: Thread Group 1-2
2025-03-09 19:52:59,190 INFO o.a.j.u.SSLManager: JmeterKeyStore Location:  type JKS
2025-03-09 19:52:59,193 INFO o.a.j.u.SSLManager: KeyStore created OK
2025-03-09 19:52:59,193 WARN o.a.j.u.SSLManager: Keystore file not found, loading empty keystore
2025-03-09 19:52:59,497 INFO o.a.j.t.JMeterThread: Thread started: Thread Group 1-3
2025-03-09 19:52:59,830 INFO o.a.j.t.JMeterThread: Thread is done: Thread Group 1-1
2025-03-09 19:52:59,830 INFO o.a.j.t.JMeterThread: Thread is done: Thread Group 1-2
2025-03-09 19:52:59,831 INFO o.a.j.t.JMeterThread: Thread finished: Thread Group 1-1
2025-03-09 19:52:59,831 INFO o.a.j.t.JMeterThread: Thread finished: Thread Group 1-2
2025-03-09 19:52:59,855 INFO o.a.j.t.JMeterThread: Thread started: Thread Group 1-4
2025-03-09 19:53:00,136 INFO o.a.j.r.Summariser: summary +      3 in 00:00:01 =    2.2/s Avg:   749 Min:   636 Max:   923 Err:     0 (0.00%) Active: 2 Started: 4 Finished: 2
2025-03-09 19:53:00,137 INFO o.a.j.t.JMeterThread: Thread is done: Thread Group 1-3
2025-03-09 19:53:00,137 INFO o.a.j.t.JMeterThread: Thread finished: Thread Group 1-3
2025-03-09 19:53:00,215 INFO o.a.j.t.JMeterThread: Thread started: Thread Group 1-5
2025-03-09 19:53:00,374 INFO o.a.j.t.JMeterThread: Thread is done: Thread Group 1-4
2025-03-09 19:53:00,374 INFO o.a.j.t.JMeterThread: Thread finished: Thread Group 1-4
2025-03-09 19:53:00,576 INFO o.a.j.t.JMeterThread: Thread started: Thread Group 1-6
2025-03-09 19:53:00,729 INFO o.a.j.t.JMeterThread: Thread is done: Thread Group 1-5
2025-03-09 19:53:00,729 INFO o.a.j.t.JMeterThread: Thread finished: Thread Group 1-5
2025-03-09 19:53:00,936 INFO o.a.j.t.JMeterThread: Thread started: Thread Group 1-7
2025-03-09 19:53:01,108 INFO o.a.j.t.JMeterThread: Thread is done: Thread Group 1-6
2025-03-09 19:53:01,108 INFO o.a.j.t.JMeterThread: Thread finished: Thread Group 1-6
2025-03-09 19:53:01,297 INFO o.a.j.t.JMeterThread: Thread started: Thread Group 1-8
2025-03-09 19:53:01,438 INFO o.a.j.t.JMeterThread: Thread is done: Thread Group 1-7
2025-03-09 19:53:01,439 INFO o.a.j.t.JMeterThread: Thread finished: Thread Group 1-7
2025-03-09 19:53:01,659 INFO o.a.j.t.JMeterThread: Thread started: Thread Group 1-9
2025-03-09 19:53:01,817 INFO o.a.j.t.JMeterThread: Thread is done: Thread Group 1-8
2025-03-09 19:53:01,817 INFO o.a.j.t.JMeterThread: Thread finished: Thread Group 1-8
2025-03-09 19:53:02,019 INFO o.a.j.t.JMeterThread: Thread started: Thread Group 1-10
2025-03-09 19:53:02,234 INFO o.a.j.t.JMeterThread: Thread is done: Thread Group 1-9
2025-03-09 19:53:02,234 INFO o.a.j.t.JMeterThread: Thread finished: Thread Group 1-9
2025-03-09 19:53:02,380 INFO o.a.j.t.JMeterThread: Thread started: Thread Group 1-11
2025-03-09 19:53:02,598 INFO o.a.j.t.JMeterThread: Thread is done: Thread Group 1-10
2025-03-09 19:53:02,598 INFO o.a.j.t.JMeterThread: Thread finished: Thread Group 1-10
2025-03-09 19:53:02,742 INFO o.a.j.t.JMeterThread: Thread started: Thread Group 1-12
2025-03-09 19:53:02,927 INFO o.a.j.t.JMeterThread: Thread is done: Thread Group 1-11
2025-03-09 19:53:02,927 INFO o.a.j.t.JMeterThread: Thread finished: Thread Group 1-11
2025-03-09 19:53:03,102 INFO o.a.j.t.JMeterThread: Thread started: Thread Group 1-13
2025-03-09 19:53:03,272 INFO o.a.j.t.JMeterThread: Thread is done: Thread Group 1-12
2025-03-09 19:53:03,272 INFO o.a.j.t.JMeterThread: Thread finished: Thread Group 1-12
2025-03-09 19:53:03,477 INFO o.a.j.t.JMeterThread: Thread started: Thread Group 1-14
2025-03-09 19:53:03,630 INFO o.a.j.t.JMeterThread: Thread is done: Thread Group 1-13
2025-03-09 19:53:03,630 INFO o.a.j.t.JMeterThread: Thread finished: Thread Group 1-13
2025-03-09 19:53:03,827 INFO o.a.j.t.JMeterThread: Thread started: Thread Group 1-15
2025-03-09 19:53:04,004 INFO o.a.j.t.JMeterThread: Thread is done: Thread Group 1-14
2025-03-09 19:53:04,004 INFO o.a.j.t.JMeterThread: Thread finished: Thread Group 1-14
2025-03-09 19:53:04,184 INFO o.a.j.t.JMeterThread: Thread started: Thread Group 1-16
2025-03-09 19:53:04,349 INFO o.a.j.t.JMeterThread: Thread is done: Thread Group 1-15
2025-03-09 19:53:04,349 INFO o.a.j.t.JMeterThread: Thread finished: Thread Group 1-15
2025-03-09 19:53:04,547 INFO o.a.j.t.JMeterThread: Thread started: Thread Group 1-17
2025-03-09 19:53:04,907 INFO o.a.j.t.JMeterThread: Thread started: Thread Group 1-18
2025-03-09 19:53:04,955 INFO o.a.j.t.JMeterThread: Thread is done: Thread Group 1-16
2025-03-09 19:53:04,956 INFO o.a.j.t.JMeterThread: Thread finished: Thread Group 1-16
2025-03-09 19:53:05,077 INFO o.a.j.t.JMeterThread: Thread is done: Thread Group 1-17
2025-03-09 19:53:05,077 INFO o.a.j.t.JMeterThread: Thread finished: Thread Group 1-17
2025-03-09 19:53:05,268 INFO o.a.j.t.JMeterThread: Thread started: Thread Group 1-19
2025-03-09 19:53:05,512 INFO o.a.j.t.JMeterThread: Thread is done: Thread Group 1-18
2025-03-09 19:53:05,513 INFO o.a.j.t.JMeterThread: Thread finished: Thread Group 1-18
2025-03-09 19:53:05,628 INFO o.a.j.t.JMeterThread: Thread started: Thread Group 1-20
2025-03-09 19:53:05,866 INFO o.a.j.t.JMeterThread: Thread is done: Thread Group 1-19
2025-03-09 19:53:05,866 INFO o.a.j.t.JMeterThread: Thread finished: Thread Group 1-19
2025-03-09 19:53:05,990 INFO o.a.j.t.JMeterThread: Thread started: Thread Group 1-21
2025-03-09 19:53:06,212 INFO o.a.j.t.JMeterThread: Thread is done: Thread Group 1-20
2025-03-09 19:53:06,212 INFO o.a.j.t.JMeterThread: Thread finished: Thread Group 1-20
2025-03-09 19:53:06,351 INFO o.a.j.t.JMeterThread: Thread started: Thread Group 1-22
2025-03-09 19:53:06,495 INFO o.a.j.t.JMeterThread: Thread is done: Thread Group 1-21
2025-03-09 19:53:06,495 INFO o.a.j.t.JMeterThread: Thread finished: Thread Group 1-21
2025-03-09 19:53:06,711 INFO o.a.j.t.JMeterThread: Thread started: Thread Group 1-23
2025-03-09 19:53:06,964 INFO o.a.j.t.JMeterThread: Thread is done: Thread Group 1-22
2025-03-09 19:53:06,964 INFO o.a.j.t.JMeterThread: Thread finished: Thread Group 1-22
2025-03-09 19:53:07,073 INFO o.a.j.t.JMeterThread: Thread started: Thread Group 1-24
2025-03-09 19:53:07,313 INFO o.a.j.t.JMeterThread: Thread is done: Thread Group 1-23
2025-03-09 19:53:07,313 INFO o.a.j.t.JMeterThread: Thread finished: Thread Group 1-23
2025-03-09 19:53:07,435 INFO o.a.j.t.JMeterThread: Thread started: Thread Group 1-25
2025-03-09 19:53:07,686 INFO o.a.j.t.JMeterThread: Thread is done: Thread Group 1-24
2025-03-09 19:53:07,686 INFO o.a.j.t.JMeterThread: Thread finished: Thread Group 1-24
2025-03-09 19:53:07,796 INFO o.a.j.t.JMeterThread: Thread started: Thread Group 1-26
2025-03-09 19:53:07,959 INFO o.a.j.t.JMeterThread: Thread is done: Thread Group 1-25
2025-03-09 19:53:07,960 INFO o.a.j.t.JMeterThread: Thread finished: Thread Group 1-25
2025-03-09 19:53:08,156 INFO o.a.j.t.JMeterThread: Thread started: Thread Group 1-27
2025-03-09 19:53:08,394 INFO o.a.j.t.JMeterThread: Thread is done: Thread Group 1-26
2025-03-09 19:53:08,394 INFO o.a.j.t.JMeterThread: Thread finished: Thread Group 1-26
2025-03-09 19:53:08,517 INFO o.a.j.t.JMeterThread: Thread started: Thread Group 1-28
2025-03-09 19:53:08,698 INFO o.a.j.t.JMeterThread: Thread is done: Thread Group 1-27
2025-03-09 19:53:08,698 INFO o.a.j.t.JMeterThread: Thread finished: Thread Group 1-27
2025-03-09 19:53:08,879 INFO o.a.j.t.JMeterThread: Thread started: Thread Group 1-29
2025-03-09 19:53:09,030 INFO o.a.j.t.JMeterThread: Thread is done: Thread Group 1-28
2025-03-09 19:53:09,032 INFO o.a.j.t.JMeterThread: Thread finished: Thread Group 1-28
2025-03-09 19:53:09,239 INFO o.a.j.t.JMeterThread: Thread started: Thread Group 1-30
2025-03-09 19:53:09,399 INFO o.a.j.t.JMeterThread: Thread is done: Thread Group 1-29
2025-03-09 19:53:09,399 INFO o.a.j.t.JMeterThread: Thread finished: Thread Group 1-29
2025-03-09 19:53:09,600 INFO o.a.j.t.JMeterThread: Thread started: Thread Group 1-31
2025-03-09 19:53:09,769 INFO o.a.j.t.JMeterThread: Thread is done: Thread Group 1-30
2025-03-09 19:53:09,769 INFO o.a.j.t.JMeterThread: Thread finished: Thread Group 1-30
2025-03-09 19:53:09,961 INFO o.a.j.t.JMeterThread: Thread started: Thread Group 1-32
2025-03-09 19:53:10,177 INFO o.a.j.t.JMeterThread: Thread is done: Thread Group 1-31
2025-03-09 19:53:10,178 INFO o.a.j.t.JMeterThread: Thread finished: Thread Group 1-31
2025-03-09 19:53:10,321 INFO o.a.j.t.JMeterThread: Thread started: Thread Group 1-33
2025-03-09 19:53:10,477 INFO o.a.j.t.JMeterThread: Thread is done: Thread Group 1-32
2025-03-09 19:53:10,477 INFO o.a.j.t.JMeterThread: Thread finished: Thread Group 1-32
2025-03-09 19:53:10,683 INFO o.a.j.t.JMeterThread: Thread started: Thread Group 1-34
2025-03-09 19:53:10,871 INFO o.a.j.t.JMeterThread: Thread is done: Thread Group 1-33
2025-03-09 19:53:10,871 INFO o.a.j.t.JMeterThread: Thread finished: Thread Group 1-33
2025-03-09 19:53:11,044 INFO o.a.j.t.JMeterThread: Thread started: Thread Group 1-35
2025-03-09 19:53:11,271 INFO o.a.j.t.JMeterThread: Thread is done: Thread Group 1-34
2025-03-09 19:53:11,273 INFO o.a.j.t.JMeterThread: Thread finished: Thread Group 1-34
2025-03-09 19:53:11,406 INFO o.a.j.t.JMeterThread: Thread started: Thread Group 1-36
2025-03-09 19:53:11,585 INFO o.a.j.t.JMeterThread: Thread is done: Thread Group 1-35
2025-03-09 19:53:11,585 INFO o.a.j.t.JMeterThread: Thread finished: Thread Group 1-35
2025-03-09 19:53:11,767 INFO o.a.j.t.JMeterThread: Thread started: Thread Group 1-37
2025-03-09 19:53:12,014 INFO o.a.j.t.JMeterThread: Thread is done: Thread Group 1-36
2025-03-09 19:53:12,014 INFO o.a.j.t.JMeterThread: Thread finished: Thread Group 1-36
2025-03-09 19:53:12,128 INFO o.a.j.t.JMeterThread: Thread started: Thread Group 1-38
2025-03-09 19:53:12,323 INFO o.a.j.t.JMeterThread: Thread is done: Thread Group 1-37
2025-03-09 19:53:12,323 INFO o.a.j.t.JMeterThread: Thread finished: Thread Group 1-37
2025-03-09 19:53:12,489 INFO o.a.j.t.JMeterThread: Thread started: Thread Group 1-39
2025-03-09 19:53:12,627 INFO o.a.j.t.JMeterThread: Thread is done: Thread Group 1-38
2025-03-09 19:53:12,627 INFO o.a.j.t.JMeterThread: Thread finished: Thread Group 1-38
2025-03-09 19:53:12,850 INFO o.a.j.t.JMeterThread: Thread started: Thread Group 1-40
2025-03-09 19:53:13,007 INFO o.a.j.t.JMeterThread: Thread is done: Thread Group 1-39
2025-03-09 19:53:13,008 INFO o.a.j.t.JMeterThread: Thread finished: Thread Group 1-39
2025-03-09 19:53:13,210 INFO o.a.j.t.JMeterThread: Thread started: Thread Group 1-41
2025-03-09 19:53:13,427 INFO o.a.j.t.JMeterThread: Thread is done: Thread Group 1-40
2025-03-09 19:53:13,427 INFO o.a.j.t.JMeterThread: Thread finished: Thread Group 1-40
2025-03-09 19:53:13,571 INFO o.a.j.t.JMeterThread: Thread started: Thread Group 1-42
2025-03-09 19:53:13,778 INFO o.a.j.t.JMeterThread: Thread is done: Thread Group 1-41
2025-03-09 19:53:13,778 INFO o.a.j.t.JMeterThread: Thread finished: Thread Group 1-41
2025-03-09 19:53:13,933 INFO o.a.j.t.JMeterThread: Thread started: Thread Group 1-43
2025-03-09 19:53:14,096 INFO o.a.j.t.JMeterThread: Thread is done: Thread Group 1-42
2025-03-09 19:53:14,097 INFO o.a.j.t.JMeterThread: Thread finished: Thread Group 1-42
2025-03-09 19:53:14,300 INFO o.a.j.t.JMeterThread: Thread started: Thread Group 1-44
2025-03-09 19:53:14,448 INFO o.a.j.t.JMeterThread: Thread is done: Thread Group 1-43
2025-03-09 19:53:14,448 INFO o.a.j.t.JMeterThread: Thread finished: Thread Group 1-43
2025-03-09 19:53:14,655 INFO o.a.j.t.JMeterThread: Thread started: Thread Group 1-45
2025-03-09 19:53:14,854 INFO o.a.j.t.JMeterThread: Thread is done: Thread Group 1-44
2025-03-09 19:53:14,854 INFO o.a.j.t.JMeterThread: Thread finished: Thread Group 1-44
2025-03-09 19:53:15,015 INFO o.a.j.t.JMeterThread: Thread started: Thread Group 1-46
2025-03-09 19:53:15,248 INFO o.a.j.t.JMeterThread: Thread is done: Thread Group 1-45
2025-03-09 19:53:15,248 INFO o.a.j.t.JMeterThread: Thread finished: Thread Group 1-45
2025-03-09 19:53:15,376 INFO o.a.j.t.JMeterThread: Thread started: Thread Group 1-47
2025-03-09 19:53:15,587 INFO o.a.j.t.JMeterThread: Thread is done: Thread Group 1-46
2025-03-09 19:53:15,587 INFO o.a.j.t.JMeterThread: Thread finished: Thread Group 1-46
2025-03-09 19:53:15,750 INFO o.a.j.t.JMeterThread: Thread started: Thread Group 1-48
2025-03-09 19:53:15,910 INFO o.a.j.t.JMeterThread: Thread is done: Thread Group 1-47
2025-03-09 19:53:15,910 INFO o.a.j.t.JMeterThread: Thread finished: Thread Group 1-47
2025-03-09 19:53:16,098 INFO o.a.j.t.JMeterThread: Thread started: Thread Group 1-49
2025-03-09 19:53:16,263 INFO o.a.j.t.JMeterThread: Thread is done: Thread Group 1-48
2025-03-09 19:53:16,264 INFO o.a.j.t.JMeterThread: Thread finished: Thread Group 1-48
2025-03-09 19:53:16,459 INFO o.a.j.t.JMeterThread: Thread started: Thread Group 1-50
2025-03-09 19:53:16,667 INFO o.a.j.t.JMeterThread: Thread is done: Thread Group 1-49
2025-03-09 19:53:16,667 INFO o.a.j.t.JMeterThread: Thread finished: Thread Group 1-49
2025-03-09 19:53:16,820 INFO o.a.j.t.JMeterThread: Thread started: Thread Group 1-51
2025-03-09 19:53:17,045 INFO o.a.j.t.JMeterThread: Thread is done: Thread Group 1-50
2025-03-09 19:53:17,045 INFO o.a.j.t.JMeterThread: Thread finished: Thread Group 1-50
2025-03-09 19:53:17,180 INFO o.a.j.t.JMeterThread: Thread started: Thread Group 1-52
2025-03-09 19:53:17,360 INFO o.a.j.t.JMeterThread: Thread is done: Thread Group 1-51
2025-03-09 19:53:17,360 INFO o.a.j.t.JMeterThread: Thread finished: Thread Group 1-51
2025-03-09 19:53:17,542 INFO o.a.j.t.JMeterThread: Thread started: Thread Group 1-53
2025-03-09 19:53:17,785 INFO o.a.j.t.JMeterThread: Thread is done: Thread Group 1-52
2025-03-09 19:53:17,785 INFO o.a.j.t.JMeterThread: Thread finished: Thread Group 1-52
2025-03-09 19:53:17,904 INFO o.a.j.t.JMeterThread: Thread started: Thread Group 1-54
2025-03-09 19:53:18,046 INFO o.a.j.t.JMeterThread: Thread is done: Thread Group 1-53
2025-03-09 19:53:18,046 INFO o.a.j.t.JMeterThread: Thread finished: Thread Group 1-53
2025-03-09 19:53:18,265 INFO o.a.j.t.JMeterThread: Thread started: Thread Group 1-55
2025-03-09 19:53:18,430 INFO o.a.j.t.JMeterThread: Thread is done: Thread Group 1-54
2025-03-09 19:53:18,430 INFO o.a.j.t.JMeterThread: Thread finished: Thread Group 1-54
2025-03-09 19:53:18,624 INFO o.a.j.t.JMeterThread: Thread started: Thread Group 1-56
2025-03-09 19:53:18,864 INFO o.a.j.t.JMeterThread: Thread is done: Thread Group 1-55
2025-03-09 19:53:18,864 INFO o.a.j.t.JMeterThread: Thread finished: Thread Group 1-55
2025-03-09 19:53:18,985 INFO o.a.j.t.JMeterThread: Thread started: Thread Group 1-57
2025-03-09 19:53:19,135 INFO o.a.j.t.JMeterThread: Thread is done: Thread Group 1-56
2025-03-09 19:53:19,135 INFO o.a.j.t.JMeterThread: Thread finished: Thread Group 1-56
2025-03-09 19:53:19,346 INFO o.a.j.t.JMeterThread: Thread started: Thread Group 1-58
2025-03-09 19:53:19,510 INFO o.a.j.t.JMeterThread: Thread is done: Thread Group 1-57
2025-03-09 19:53:19,510 INFO o.a.j.t.JMeterThread: Thread finished: Thread Group 1-57
2025-03-09 19:53:19,708 INFO o.a.j.t.JMeterThread: Thread started: Thread Group 1-59
2025-03-09 19:53:19,872 INFO o.a.j.t.JMeterThread: Thread is done: Thread Group 1-58
2025-03-09 19:53:19,872 INFO o.a.j.t.JMeterThread: Thread finished: Thread Group 1-58
2025-03-09 19:53:20,069 INFO o.a.j.t.JMeterThread: Thread started: Thread Group 1-60
2025-03-09 19:53:20,430 INFO o.a.j.t.JMeterThread: Thread started: Thread Group 1-61
2025-03-09 19:53:20,642 INFO o.a.j.t.JMeterThread: Thread is done: Thread Group 1-60
2025-03-09 19:53:20,642 INFO o.a.j.t.JMeterThread: Thread finished: Thread Group 1-60
2025-03-09 19:53:20,790 INFO o.a.j.t.JMeterThread: Thread started: Thread Group 1-62
2025-03-09 19:53:20,997 INFO o.a.j.t.JMeterThread: Thread is done: Thread Group 1-61
2025-03-09 19:53:20,997 INFO o.a.j.t.JMeterThread: Thread finished: Thread Group 1-61
2025-03-09 19:53:21,049 INFO o.a.j.t.JMeterThread: Thread is done: Thread Group 1-59
2025-03-09 19:53:21,049 INFO o.a.j.t.JMeterThread: Thread finished: Thread Group 1-59
2025-03-09 19:53:21,152 INFO o.a.j.t.JMeterThread: Thread started: Thread Group 1-63
2025-03-09 19:53:21,354 INFO o.a.j.t.JMeterThread: Thread is done: Thread Group 1-62
2025-03-09 19:53:21,355 INFO o.a.j.t.JMeterThread: Thread finished: Thread Group 1-62
2025-03-09 19:53:21,513 INFO o.a.j.t.JMeterThread: Thread started: Thread Group 1-64
2025-03-09 19:53:21,671 INFO o.a.j.t.JMeterThread: Thread is done: Thread Group 1-63
2025-03-09 19:53:21,671 INFO o.a.j.t.JMeterThread: Thread finished: Thread Group 1-63
2025-03-09 19:53:21,877 INFO o.a.j.t.JMeterThread: Thread started: Thread Group 1-65
2025-03-09 19:53:22,134 INFO o.a.j.t.JMeterThread: Thread is done: Thread Group 1-64
2025-03-09 19:53:22,134 INFO o.a.j.t.JMeterThread: Thread finished: Thread Group 1-64
2025-03-09 19:53:22,237 INFO o.a.j.t.JMeterThread: Thread started: Thread Group 1-66
2025-03-09 19:53:22,378 INFO o.a.j.t.JMeterThread: Thread is done: Thread Group 1-65
2025-03-09 19:53:22,378 INFO o.a.j.t.JMeterThread: Thread finished: Thread Group 1-65
2025-03-09 19:53:22,596 INFO o.a.j.t.JMeterThread: Thread started: Thread Group 1-67
2025-03-09 19:53:22,780 INFO o.a.j.t.JMeterThread: Thread is done: Thread Group 1-66
2025-03-09 19:53:22,781 INFO o.a.j.t.JMeterThread: Thread finished: Thread Group 1-66
2025-03-09 19:53:22,957 INFO o.a.j.t.JMeterThread: Thread started: Thread Group 1-68
2025-03-09 19:53:23,163 INFO o.a.j.t.JMeterThread: Thread is done: Thread Group 1-67
2025-03-09 19:53:23,165 INFO o.a.j.t.JMeterThread: Thread finished: Thread Group 1-67
2025-03-09 19:53:23,317 INFO o.a.j.t.JMeterThread: Thread started: Thread Group 1-69
2025-03-09 19:53:23,547 INFO o.a.j.t.JMeterThread: Thread is done: Thread Group 1-68
2025-03-09 19:53:23,547 INFO o.a.j.t.JMeterThread: Thread finished: Thread Group 1-68
2025-03-09 19:53:23,686 INFO o.a.j.t.JMeterThread: Thread started: Thread Group 1-70
2025-03-09 19:53:23,828 INFO o.a.j.t.JMeterThread: Thread is done: Thread Group 1-69
2025-03-09 19:53:23,829 INFO o.a.j.t.JMeterThread: Thread finished: Thread Group 1-69
2025-03-09 19:53:24,041 INFO o.a.j.t.JMeterThread: Thread started: Thread Group 1-71
2025-03-09 19:53:24,189 INFO o.a.j.t.JMeterThread: Thread is done: Thread Group 1-70
2025-03-09 19:53:24,189 INFO o.a.j.t.JMeterThread: Thread finished: Thread Group 1-70
2025-03-09 19:53:24,401 INFO o.a.j.t.JMeterThread: Thread started: Thread Group 1-72
2025-03-09 19:53:24,621 INFO o.a.j.t.JMeterThread: Thread is done: Thread Group 1-71
2025-03-09 19:53:24,621 INFO o.a.j.t.JMeterThread: Thread finished: Thread Group 1-71
2025-03-09 19:53:24,765 INFO o.a.j.t.JMeterThread: Thread started: Thread Group 1-73
2025-03-09 19:53:24,949 INFO o.a.j.t.JMeterThread: Thread is done: Thread Group 1-72
2025-03-09 19:53:24,950 INFO o.a.j.t.JMeterThread: Thread finished: Thread Group 1-72
2025-03-09 19:53:25,123 INFO o.a.j.t.JMeterThread: Thread started: Thread Group 1-74
2025-03-09 19:53:25,484 INFO o.a.j.t.JMeterThread: Thread started: Thread Group 1-75
2025-03-09 19:53:25,847 INFO o.a.j.t.JMeterThread: Thread started: Thread Group 1-76
2025-03-09 19:53:26,165 INFO o.a.j.t.JMeterThread: Thread is done: Thread Group 1-73
2025-03-09 19:53:26,165 INFO o.a.j.t.JMeterThread: Thread finished: Thread Group 1-73
2025-03-09 19:53:26,207 INFO o.a.j.t.JMeterThread: Thread started: Thread Group 1-77
2025-03-09 19:53:26,461 INFO o.a.j.t.JMeterThread: Thread is done: Thread Group 1-76
2025-03-09 19:53:26,461 INFO o.a.j.t.JMeterThread: Thread finished: Thread Group 1-76
2025-03-09 19:53:26,567 INFO o.a.j.t.JMeterThread: Thread started: Thread Group 1-78
2025-03-09 19:53:26,764 INFO o.a.j.t.JMeterThread: Thread is done: Thread Group 1-77
2025-03-09 19:53:26,765 INFO o.a.j.t.JMeterThread: Thread finished: Thread Group 1-77
2025-03-09 19:53:26,795 INFO o.a.j.t.JMeterThread: Thread is done: Thread Group 1-75
2025-03-09 19:53:26,795 INFO o.a.j.t.JMeterThread: Thread finished: Thread Group 1-75
2025-03-09 19:53:26,928 INFO o.a.j.t.JMeterThread: Thread started: Thread Group 1-79
2025-03-09 19:53:26,951 INFO o.a.j.t.JMeterThread: Thread is done: Thread Group 1-74
2025-03-09 19:53:26,951 INFO o.a.j.t.JMeterThread: Thread finished: Thread Group 1-74
2025-03-09 19:53:27,161 INFO o.a.j.t.JMeterThread: Thread is done: Thread Group 1-78
2025-03-09 19:53:27,161 INFO o.a.j.t.JMeterThread: Thread finished: Thread Group 1-78
2025-03-09 19:53:27,289 INFO o.a.j.t.JMeterThread: Thread started: Thread Group 1-80
2025-03-09 19:53:27,490 INFO o.a.j.t.JMeterThread: Thread is done: Thread Group 1-79
2025-03-09 19:53:27,490 INFO o.a.j.t.JMeterThread: Thread finished: Thread Group 1-79
2025-03-09 19:53:27,650 INFO o.a.j.t.JMeterThread: Thread started: Thread Group 1-81
2025-03-09 19:53:27,789 INFO o.a.j.t.JMeterThread: Thread is done: Thread Group 1-80
2025-03-09 19:53:27,789 INFO o.a.j.t.JMeterThread: Thread finished: Thread Group 1-80
2025-03-09 19:53:28,012 INFO o.a.j.t.JMeterThread: Thread started: Thread Group 1-82
2025-03-09 19:53:28,296 INFO o.a.j.t.JMeterThread: Thread is done: Thread Group 1-81
2025-03-09 19:53:28,297 INFO o.a.j.t.JMeterThread: Thread finished: Thread Group 1-81
2025-03-09 19:53:28,372 INFO o.a.j.t.JMeterThread: Thread started: Thread Group 1-83
2025-03-09 19:53:28,565 INFO o.a.j.t.JMeterThread: Thread is done: Thread Group 1-82
2025-03-09 19:53:28,565 INFO o.a.j.t.JMeterThread: Thread finished: Thread Group 1-82
2025-03-09 19:53:28,733 INFO o.a.j.t.JMeterThread: Thread started: Thread Group 1-84
2025-03-09 19:53:28,895 INFO o.a.j.t.JMeterThread: Thread is done: Thread Group 1-83
2025-03-09 19:53:28,895 INFO o.a.j.t.JMeterThread: Thread finished: Thread Group 1-83
2025-03-09 19:53:29,094 INFO o.a.j.t.JMeterThread: Thread started: Thread Group 1-85
2025-03-09 19:53:29,319 INFO o.a.j.t.JMeterThread: Thread is done: Thread Group 1-84
2025-03-09 19:53:29,319 INFO o.a.j.t.JMeterThread: Thread finished: Thread Group 1-84
2025-03-09 19:53:29,457 INFO o.a.j.t.JMeterThread: Thread started: Thread Group 1-86
2025-03-09 19:53:29,694 INFO o.a.j.t.JMeterThread: Thread is done: Thread Group 1-85
2025-03-09 19:53:29,694 INFO o.a.j.t.JMeterThread: Thread finished: Thread Group 1-85
2025-03-09 19:53:29,819 INFO o.a.j.t.JMeterThread: Thread started: Thread Group 1-87
2025-03-09 19:53:29,997 INFO o.a.j.t.JMeterThread: Thread is done: Thread Group 1-86
2025-03-09 19:53:29,997 INFO o.a.j.t.JMeterThread: Thread finished: Thread Group 1-86
2025-03-09 19:53:30,176 INFO o.a.j.t.JMeterThread: Thread started: Thread Group 1-88
2025-03-09 19:53:30,395 INFO o.a.j.r.Summariser: summary +     84 in 00:00:30 =    2.8/s Avg:   597 Min:   497 Max:  1826 Err:     0 (0.00%) Active: 2 Started: 88 Finished: 86
2025-03-09 19:53:30,397 INFO o.a.j.r.Summariser: summary =     87 in 00:00:32 =    2.7/s Avg:   602 Min:   497 Max:  1826 Err:     0 (0.00%)
2025-03-09 19:53:30,398 INFO o.a.j.t.JMeterThread: Thread is done: Thread Group 1-87
2025-03-09 19:53:30,398 INFO o.a.j.t.JMeterThread: Thread finished: Thread Group 1-87
2025-03-09 19:53:30,538 INFO o.a.j.t.JMeterThread: Thread started: Thread Group 1-89
2025-03-09 19:53:30,689 INFO o.a.j.t.JMeterThread: Thread is done: Thread Group 1-88
2025-03-09 19:53:30,690 INFO o.a.j.t.JMeterThread: Thread finished: Thread Group 1-88
2025-03-09 19:53:30,900 INFO o.a.j.t.JMeterThread: Thread started: Thread Group 1-90
2025-03-09 19:53:31,120 INFO o.a.j.t.JMeterThread: Thread is done: Thread Group 1-89
2025-03-09 19:53:31,121 INFO o.a.j.t.JMeterThread: Thread finished: Thread Group 1-89
2025-03-09 19:53:31,260 INFO o.a.j.t.JMeterThread: Thread started: Thread Group 1-91
2025-03-09 19:53:31,453 INFO o.a.j.t.JMeterThread: Thread is done: Thread Group 1-90
2025-03-09 19:53:31,453 INFO o.a.j.t.JMeterThread: Thread finished: Thread Group 1-90
2025-03-09 19:53:31,620 INFO o.a.j.t.JMeterThread: Thread started: Thread Group 1-92
2025-03-09 19:53:31,809 INFO o.a.j.t.JMeterThread: Thread is done: Thread Group 1-91
2025-03-09 19:53:31,810 INFO o.a.j.t.JMeterThread: Thread finished: Thread Group 1-91
2025-03-09 19:53:31,982 INFO o.a.j.t.JMeterThread: Thread started: Thread Group 1-93
2025-03-09 19:53:32,189 INFO o.a.j.t.JMeterThread: Thread is done: Thread Group 1-92
2025-03-09 19:53:32,189 INFO o.a.j.t.JMeterThread: Thread finished: Thread Group 1-92
2025-03-09 19:53:32,344 INFO o.a.j.t.JMeterThread: Thread started: Thread Group 1-94
2025-03-09 19:53:32,705 INFO o.a.j.t.JMeterThread: Thread started: Thread Group 1-95
2025-03-09 19:53:32,979 INFO o.a.j.t.JMeterThread: Thread is done: Thread Group 1-94
2025-03-09 19:53:32,979 INFO o.a.j.t.JMeterThread: Thread finished: Thread Group 1-94
2025-03-09 19:53:33,065 INFO o.a.j.t.JMeterThread: Thread started: Thread Group 1-96
2025-03-09 19:53:33,411 INFO o.a.j.t.JMeterThread: Thread is done: Thread Group 1-95
2025-03-09 19:53:33,411 INFO o.a.j.t.JMeterThread: Thread finished: Thread Group 1-95
2025-03-09 19:53:33,426 INFO o.a.j.t.JMeterThread: Thread started: Thread Group 1-97
2025-03-09 19:53:33,786 INFO o.a.j.t.JMeterThread: Thread started: Thread Group 1-98
2025-03-09 19:53:33,901 INFO o.a.j.t.JMeterThread: Thread is done: Thread Group 1-93
2025-03-09 19:53:33,901 INFO o.a.j.t.JMeterThread: Thread finished: Thread Group 1-93
2025-03-09 19:53:34,061 INFO o.a.j.t.JMeterThread: Thread is done: Thread Group 1-97
2025-03-09 19:53:34,062 INFO o.a.j.t.JMeterThread: Thread finished: Thread Group 1-97
2025-03-09 19:53:34,148 INFO o.a.j.t.JMeterThread: Thread started: Thread Group 1-99
2025-03-09 19:53:34,319 INFO o.a.j.t.JMeterThread: Thread is done: Thread Group 1-98
2025-03-09 19:53:34,319 INFO o.a.j.t.JMeterThread: Thread finished: Thread Group 1-98
2025-03-09 19:53:34,511 INFO o.a.j.t.JMeterThread: Thread started: Thread Group 1-100
2025-03-09 19:53:34,745 INFO o.a.j.t.JMeterThread: Thread is done: Thread Group 1-99
2025-03-09 19:53:34,746 INFO o.a.j.t.JMeterThread: Thread finished: Thread Group 1-99
2025-03-09 19:53:34,872 INFO o.a.j.t.JMeterThread: Thread started: Thread Group 1-101
2025-03-09 19:53:34,999 INFO o.a.j.t.JMeterThread: Thread is done: Thread Group 1-96
2025-03-09 19:53:34,999 INFO o.a.j.t.JMeterThread: Thread finished: Thread Group 1-96
2025-03-09 19:53:35,109 INFO o.a.j.t.JMeterThread: Thread is done: Thread Group 1-100
2025-03-09 19:53:35,109 INFO o.a.j.t.JMeterThread: Thread finished: Thread Group 1-100
2025-03-09 19:53:35,232 INFO o.a.j.t.JMeterThread: Thread started: Thread Group 1-102
2025-03-09 19:53:35,402 INFO o.a.j.t.JMeterThread: Thread is done: Thread Group 1-101
2025-03-09 19:53:35,403 INFO o.a.j.t.JMeterThread: Thread finished: Thread Group 1-101
2025-03-09 19:53:35,592 INFO o.a.j.t.JMeterThread: Thread started: Thread Group 1-103
2025-03-09 19:53:35,815 INFO o.a.j.t.JMeterThread: Thread is done: Thread Group 1-102
2025-03-09 19:53:35,815 INFO o.a.j.t.JMeterThread: Thread finished: Thread Group 1-102
2025-03-09 19:53:35,953 INFO o.a.j.t.JMeterThread: Thread started: Thread Group 1-104
2025-03-09 19:53:36,109 INFO o.a.j.t.JMeterThread: Thread is done: Thread Group 1-103
2025-03-09 19:53:36,109 INFO o.a.j.t.JMeterThread: Thread finished: Thread Group 1-103
2025-03-09 19:53:36,315 INFO o.a.j.t.JMeterThread: Thread started: Thread Group 1-105
2025-03-09 19:53:36,552 INFO o.a.j.t.JMeterThread: Thread is done: Thread Group 1-104
2025-03-09 19:53:36,552 INFO o.a.j.t.JMeterThread: Thread finished: Thread Group 1-104
2025-03-09 19:53:36,675 INFO o.a.j.t.JMeterThread: Thread started: Thread Group 1-106
2025-03-09 19:53:37,036 INFO o.a.j.t.JMeterThread: Thread started: Thread Group 1-107
2025-03-09 19:53:37,157 INFO o.a.j.t.JMeterThread: Thread is done: Thread Group 1-105
2025-03-09 19:53:37,157 INFO o.a.j.t.JMeterThread: Thread finished: Thread Group 1-105
2025-03-09 19:53:37,247 INFO o.a.j.t.JMeterThread: Thread is done: Thread Group 1-106
2025-03-09 19:53:37,247 INFO o.a.j.t.JMeterThread: Thread finished: Thread Group 1-106
2025-03-09 19:53:37,397 INFO o.a.j.t.JMeterThread: Thread started: Thread Group 1-108
2025-03-09 19:53:37,543 INFO o.a.j.t.JMeterThread: Thread is done: Thread Group 1-107
2025-03-09 19:53:37,543 INFO o.a.j.t.JMeterThread: Thread finished: Thread Group 1-107
2025-03-09 19:53:37,758 INFO o.a.j.t.JMeterThread: Thread started: Thread Group 1-109
2025-03-09 19:53:37,995 INFO o.a.j.t.JMeterThread: Thread is done: Thread Group 1-108
2025-03-09 19:53:37,995 INFO o.a.j.t.JMeterThread: Thread finished: Thread Group 1-108
2025-03-09 19:53:38,121 INFO o.a.j.t.JMeterThread: Thread started: Thread Group 1-110
2025-03-09 19:53:38,276 INFO o.a.j.t.JMeterThread: Thread is done: Thread Group 1-109
2025-03-09 19:53:38,276 INFO o.a.j.t.JMeterThread: Thread finished: Thread Group 1-109
2025-03-09 19:53:38,480 INFO o.a.j.t.JMeterThread: Thread started: Thread Group 1-111
2025-03-09 19:53:38,659 INFO o.a.j.t.JMeterThread: Thread is done: Thread Group 1-110
2025-03-09 19:53:38,659 INFO o.a.j.t.JMeterThread: Thread finished: Thread Group 1-110
2025-03-09 19:53:38,841 INFO o.a.j.t.JMeterThread: Thread started: Thread Group 1-112
2025-03-09 19:53:39,202 INFO o.a.j.t.JMeterThread: Thread started: Thread Group 1-113
2025-03-09 19:53:39,279 INFO o.a.j.t.JMeterThread: Thread is done: Thread Group 1-111
2025-03-09 19:53:39,279 INFO o.a.j.t.JMeterThread: Thread finished: Thread Group 1-111
2025-03-09 19:53:39,417 INFO o.a.j.t.JMeterThread: Thread is done: Thread Group 1-112
2025-03-09 19:53:39,417 INFO o.a.j.t.JMeterThread: Thread finished: Thread Group 1-112
2025-03-09 19:53:39,564 INFO o.a.j.t.JMeterThread: Thread started: Thread Group 1-114
2025-03-09 19:53:39,925 INFO o.a.j.t.JMeterThread: Thread started: Thread Group 1-115
2025-03-09 19:53:39,978 INFO o.a.j.t.JMeterThread: Thread is done: Thread Group 1-113
2025-03-09 19:53:39,979 INFO o.a.j.t.JMeterThread: Thread finished: Thread Group 1-113
2025-03-09 19:53:40,126 INFO o.a.j.t.JMeterThread: Thread is done: Thread Group 1-114
2025-03-09 19:53:40,126 INFO o.a.j.t.JMeterThread: Thread finished: Thread Group 1-114
2025-03-09 19:53:40,286 INFO o.a.j.t.JMeterThread: Thread started: Thread Group 1-116
2025-03-09 19:53:40,494 INFO o.a.j.t.JMeterThread: Thread is done: Thread Group 1-115
2025-03-09 19:53:40,495 INFO o.a.j.t.JMeterThread: Thread finished: Thread Group 1-115
2025-03-09 19:53:40,646 INFO o.a.j.t.JMeterThread: Thread started: Thread Group 1-117
2025-03-09 19:53:40,829 INFO o.a.j.t.JMeterThread: Thread is done: Thread Group 1-116
2025-03-09 19:53:40,829 INFO o.a.j.t.JMeterThread: Thread finished: Thread Group 1-116
2025-03-09 19:53:41,008 INFO o.a.j.t.JMeterThread: Thread started: Thread Group 1-118
2025-03-09 19:53:41,266 INFO o.a.j.t.JMeterThread: Thread is done: Thread Group 1-117
2025-03-09 19:53:41,267 INFO o.a.j.t.JMeterThread: Thread finished: Thread Group 1-117
2025-03-09 19:53:41,368 INFO o.a.j.t.JMeterThread: Thread started: Thread Group 1-119
2025-03-09 19:53:41,730 INFO o.a.j.t.JMeterThread: Thread started: Thread Group 1-120
2025-03-09 19:53:41,746 INFO o.a.j.t.JMeterThread: Thread is done: Thread Group 1-118
2025-03-09 19:53:41,746 INFO o.a.j.t.JMeterThread: Thread finished: Thread Group 1-118
2025-03-09 19:53:41,931 INFO o.a.j.t.JMeterThread: Thread is done: Thread Group 1-119
2025-03-09 19:53:41,931 INFO o.a.j.t.JMeterThread: Thread finished: Thread Group 1-119
2025-03-09 19:53:42,091 INFO o.a.j.t.JMeterThread: Thread started: Thread Group 1-121
2025-03-09 19:53:42,320 INFO o.a.j.t.JMeterThread: Thread is done: Thread Group 1-120
2025-03-09 19:53:42,321 INFO o.a.j.t.JMeterThread: Thread finished: Thread Group 1-120
2025-03-09 19:53:42,452 INFO o.a.j.t.JMeterThread: Thread started: Thread Group 1-122
2025-03-09 19:53:42,630 INFO o.a.j.t.JMeterThread: Thread is done: Thread Group 1-121
2025-03-09 19:53:42,630 INFO o.a.j.t.JMeterThread: Thread finished: Thread Group 1-121
2025-03-09 19:53:42,811 INFO o.a.j.t.JMeterThread: Thread started: Thread Group 1-123
2025-03-09 19:53:43,085 INFO o.a.j.t.JMeterThread: Thread is done: Thread Group 1-122
2025-03-09 19:53:43,085 INFO o.a.j.t.JMeterThread: Thread finished: Thread Group 1-122
2025-03-09 19:53:43,174 INFO o.a.j.t.JMeterThread: Thread started: Thread Group 1-124
2025-03-09 19:53:43,499 INFO o.a.j.t.JMeterThread: Thread is done: Thread Group 1-123
2025-03-09 19:53:43,499 INFO o.a.j.t.JMeterThread: Thread finished: Thread Group 1-123
2025-03-09 19:53:43,534 INFO o.a.j.t.JMeterThread: Thread started: Thread Group 1-125
2025-03-09 19:53:43,723 INFO o.a.j.t.JMeterThread: Thread is done: Thread Group 1-124
2025-03-09 19:53:43,723 INFO o.a.j.t.JMeterThread: Thread finished: Thread Group 1-124
2025-03-09 19:53:43,895 INFO o.a.j.t.JMeterThread: Thread started: Thread Group 1-126
2025-03-09 19:53:44,048 INFO o.a.j.t.JMeterThread: Thread is done: Thread Group 1-125
2025-03-09 19:53:44,048 INFO o.a.j.t.JMeterThread: Thread finished: Thread Group 1-125
2025-03-09 19:53:44,257 INFO o.a.j.t.JMeterThread: Thread started: Thread Group 1-127
2025-03-09 19:53:44,617 INFO o.a.j.t.JMeterThread: Thread started: Thread Group 1-128
2025-03-09 19:53:44,748 INFO o.a.j.t.JMeterThread: Thread is done: Thread Group 1-127
2025-03-09 19:53:44,748 INFO o.a.j.t.JMeterThread: Thread finished: Thread Group 1-127
2025-03-09 19:53:44,939 INFO o.a.j.t.JMeterThread: Thread is done: Thread Group 1-126
2025-03-09 19:53:44,940 INFO o.a.j.t.JMeterThread: Thread finished: Thread Group 1-126
2025-03-09 19:53:44,985 INFO o.a.j.t.JMeterThread: Thread started: Thread Group 1-129
2025-03-09 19:53:45,185 INFO o.a.j.t.JMeterThread: Thread is done: Thread Group 1-128
2025-03-09 19:53:45,185 INFO o.a.j.t.JMeterThread: Thread finished: Thread Group 1-128
2025-03-09 19:53:45,338 INFO o.a.j.t.JMeterThread: Thread started: Thread Group 1-130
2025-03-09 19:53:45,582 INFO o.a.j.t.JMeterThread: Thread is done: Thread Group 1-129
2025-03-09 19:53:45,582 INFO o.a.j.t.JMeterThread: Thread finished: Thread Group 1-129
2025-03-09 19:53:45,700 INFO o.a.j.t.JMeterThread: Thread started: Thread Group 1-131
2025-03-09 19:53:46,062 INFO o.a.j.t.JMeterThread: Thread started: Thread Group 1-132
2025-03-09 19:53:46,240 INFO o.a.j.t.JMeterThread: Thread is done: Thread Group 1-131
2025-03-09 19:53:46,240 INFO o.a.j.t.JMeterThread: Thread finished: Thread Group 1-131
2025-03-09 19:53:46,422 INFO o.a.j.t.JMeterThread: Thread started: Thread Group 1-133
2025-03-09 19:53:46,655 INFO o.a.j.t.JMeterThread: Thread is done: Thread Group 1-132
2025-03-09 19:53:46,655 INFO o.a.j.t.JMeterThread: Thread finished: Thread Group 1-132
2025-03-09 19:53:46,782 INFO o.a.j.t.JMeterThread: Thread started: Thread Group 1-134
2025-03-09 19:53:47,032 INFO o.a.j.t.JMeterThread: Thread is done: Thread Group 1-133
2025-03-09 19:53:47,032 INFO o.a.j.t.JMeterThread: Thread finished: Thread Group 1-133
2025-03-09 19:53:47,143 INFO o.a.j.t.JMeterThread: Thread started: Thread Group 1-135
2025-03-09 19:53:47,199 INFO o.a.j.t.JMeterThread: Thread is done: Thread Group 1-130
2025-03-09 19:53:47,200 INFO o.a.j.t.JMeterThread: Thread finished: Thread Group 1-130
2025-03-09 19:53:47,303 INFO o.a.j.t.JMeterThread: Thread is done: Thread Group 1-134
2025-03-09 19:53:47,304 INFO o.a.j.t.JMeterThread: Thread finished: Thread Group 1-134
2025-03-09 19:53:47,505 INFO o.a.j.t.JMeterThread: Thread started: Thread Group 1-136
2025-03-09 19:53:47,743 INFO o.a.j.t.JMeterThread: Thread is done: Thread Group 1-135
2025-03-09 19:53:47,743 INFO o.a.j.t.JMeterThread: Thread finished: Thread Group 1-135
2025-03-09 19:53:47,867 INFO o.a.j.t.JMeterThread: Thread started: Thread Group 1-137
2025-03-09 19:53:48,062 INFO o.a.j.t.JMeterThread: Thread is done: Thread Group 1-136
2025-03-09 19:53:48,062 INFO o.a.j.t.JMeterThread: Thread finished: Thread Group 1-136
2025-03-09 19:53:48,227 INFO o.a.j.t.JMeterThread: Thread started: Thread Group 1-138
2025-03-09 19:53:48,588 INFO o.a.j.t.JMeterThread: Thread started: Thread Group 1-139
2025-03-09 19:53:48,764 INFO o.a.j.t.JMeterThread: Thread is done: Thread Group 1-138
2025-03-09 19:53:48,764 INFO o.a.j.t.JMeterThread: Thread finished: Thread Group 1-138
2025-03-09 19:53:48,948 INFO o.a.j.t.JMeterThread: Thread started: Thread Group 1-140
2025-03-09 19:53:49,174 INFO o.a.j.t.JMeterThread: Thread is done: Thread Group 1-139
2025-03-09 19:53:49,175 INFO o.a.j.t.JMeterThread: Thread finished: Thread Group 1-139
2025-03-09 19:53:49,310 INFO o.a.j.t.JMeterThread: Thread started: Thread Group 1-141
2025-03-09 19:53:49,548 INFO o.a.j.t.JMeterThread: Thread is done: Thread Group 1-140
2025-03-09 19:53:49,548 INFO o.a.j.t.JMeterThread: Thread finished: Thread Group 1-140
2025-03-09 19:53:49,672 INFO o.a.j.t.JMeterThread: Thread started: Thread Group 1-142
2025-03-09 19:53:49,839 INFO o.a.j.t.JMeterThread: Thread is done: Thread Group 1-141
2025-03-09 19:53:49,839 INFO o.a.j.t.JMeterThread: Thread finished: Thread Group 1-141
2025-03-09 19:53:49,904 INFO o.a.j.t.JMeterThread: Thread is done: Thread Group 1-137
2025-03-09 19:53:49,904 INFO o.a.j.t.JMeterThread: Thread finished: Thread Group 1-137
2025-03-09 19:53:50,034 INFO o.a.j.t.JMeterThread: Thread started: Thread Group 1-143
2025-03-09 19:53:50,241 INFO o.a.j.t.JMeterThread: Thread is done: Thread Group 1-142
2025-03-09 19:53:50,241 INFO o.a.j.t.JMeterThread: Thread finished: Thread Group 1-142
2025-03-09 19:53:50,396 INFO o.a.j.t.JMeterThread: Thread started: Thread Group 1-144
2025-03-09 19:53:50,610 INFO o.a.j.t.JMeterThread: Thread is done: Thread Group 1-143
2025-03-09 19:53:50,610 INFO o.a.j.t.JMeterThread: Thread finished: Thread Group 1-143
2025-03-09 19:53:50,755 INFO o.a.j.t.JMeterThread: Thread started: Thread Group 1-145
2025-03-09 19:53:50,932 INFO o.a.j.t.JMeterThread: Thread is done: Thread Group 1-144
2025-03-09 19:53:50,932 INFO o.a.j.t.JMeterThread: Thread finished: Thread Group 1-144
2025-03-09 19:53:51,115 INFO o.a.j.t.JMeterThread: Thread started: Thread Group 1-146
2025-03-09 19:53:51,286 INFO o.a.j.t.JMeterThread: Thread is done: Thread Group 1-145
2025-03-09 19:53:51,286 INFO o.a.j.t.JMeterThread: Thread finished: Thread Group 1-145
2025-03-09 19:53:51,477 INFO o.a.j.t.JMeterThread: Thread started: Thread Group 1-147
2025-03-09 19:53:51,636 INFO o.a.j.t.JMeterThread: Thread is done: Thread Group 1-146
2025-03-09 19:53:51,637 INFO o.a.j.t.JMeterThread: Thread finished: Thread Group 1-146
2025-03-09 19:53:51,837 INFO o.a.j.t.JMeterThread: Thread started: Thread Group 1-148
2025-03-09 19:53:52,197 INFO o.a.j.t.JMeterThread: Thread started: Thread Group 1-149
2025-03-09 19:53:52,390 INFO o.a.j.t.JMeterThread: Thread is done: Thread Group 1-148
2025-03-09 19:53:52,390 INFO o.a.j.t.JMeterThread: Thread finished: Thread Group 1-148
2025-03-09 19:53:52,559 INFO o.a.j.t.JMeterThread: Thread started: Thread Group 1-150
2025-03-09 19:53:52,792 INFO o.a.j.t.JMeterThread: Thread is done: Thread Group 1-149
2025-03-09 19:53:52,792 INFO o.a.j.t.JMeterThread: Thread finished: Thread Group 1-149
2025-03-09 19:53:52,872 INFO o.a.j.t.JMeterThread: Thread is done: Thread Group 1-147
2025-03-09 19:53:52,872 INFO o.a.j.t.JMeterThread: Thread finished: Thread Group 1-147
2025-03-09 19:53:52,920 INFO o.a.j.t.JMeterThread: Thread started: Thread Group 1-151
2025-03-09 19:53:53,282 INFO o.a.j.t.JMeterThread: Thread started: Thread Group 1-152
2025-03-09 19:53:53,487 INFO o.a.j.t.JMeterThread: Thread is done: Thread Group 1-151
2025-03-09 19:53:53,488 INFO o.a.j.t.JMeterThread: Thread finished: Thread Group 1-151
2025-03-09 19:53:53,643 INFO o.a.j.t.JMeterThread: Thread started: Thread Group 1-153
2025-03-09 19:53:53,958 INFO o.a.j.t.JMeterThread: Thread is done: Thread Group 1-150
2025-03-09 19:53:53,958 INFO o.a.j.t.JMeterThread: Thread finished: Thread Group 1-150
2025-03-09 19:53:54,003 INFO o.a.j.t.JMeterThread: Thread started: Thread Group 1-154
2025-03-09 19:53:54,365 INFO o.a.j.t.JMeterThread: Thread started: Thread Group 1-155
2025-03-09 19:53:54,676 INFO o.a.j.t.JMeterThread: Thread is done: Thread Group 1-152
2025-03-09 19:53:54,676 INFO o.a.j.t.JMeterThread: Thread finished: Thread Group 1-152
2025-03-09 19:53:54,725 INFO o.a.j.t.JMeterThread: Thread started: Thread Group 1-156
2025-03-09 19:53:55,085 INFO o.a.j.t.JMeterThread: Thread started: Thread Group 1-157
2025-03-09 19:53:55,449 INFO o.a.j.t.JMeterThread: Thread started: Thread Group 1-158
2025-03-09 19:53:55,451 INFO o.a.j.t.JMeterThread: Thread is done: Thread Group 1-154
2025-03-09 19:53:55,451 INFO o.a.j.t.JMeterThread: Thread finished: Thread Group 1-154
2025-03-09 19:53:55,493 INFO o.a.j.t.JMeterThread: Thread is done: Thread Group 1-156
2025-03-09 19:53:55,493 INFO o.a.j.t.JMeterThread: Thread finished: Thread Group 1-156
2025-03-09 19:53:55,611 INFO o.a.j.t.JMeterThread: Thread is done: Thread Group 1-153
2025-03-09 19:53:55,611 INFO o.a.j.t.JMeterThread: Thread is done: Thread Group 1-155
2025-03-09 19:53:55,611 INFO o.a.j.t.JMeterThread: Thread finished: Thread Group 1-153
2025-03-09 19:53:55,611 INFO o.a.j.t.JMeterThread: Thread finished: Thread Group 1-155
2025-03-09 19:53:55,668 INFO o.a.j.t.JMeterThread: Thread is done: Thread Group 1-157
2025-03-09 19:53:55,668 INFO o.a.j.t.JMeterThread: Thread finished: Thread Group 1-157
2025-03-09 19:53:55,809 INFO o.a.j.t.JMeterThread: Thread started: Thread Group 1-159
2025-03-09 19:53:56,035 INFO o.a.j.t.JMeterThread: Thread is done: Thread Group 1-158
2025-03-09 19:53:56,035 INFO o.a.j.t.JMeterThread: Thread finished: Thread Group 1-158
2025-03-09 19:53:56,170 INFO o.a.j.t.JMeterThread: Thread started: Thread Group 1-160
2025-03-09 19:53:56,530 INFO o.a.j.t.JMeterThread: Thread started: Thread Group 1-161
2025-03-09 19:53:56,665 INFO o.a.j.t.JMeterThread: Thread is done: Thread Group 1-159
2025-03-09 19:53:56,665 INFO o.a.j.t.JMeterThread: Thread finished: Thread Group 1-159
2025-03-09 19:53:56,891 INFO o.a.j.t.JMeterThread: Thread started: Thread Group 1-162
2025-03-09 19:53:57,140 INFO o.a.j.t.JMeterThread: Thread is done: Thread Group 1-161
2025-03-09 19:53:57,140 INFO o.a.j.t.JMeterThread: Thread finished: Thread Group 1-161
2025-03-09 19:53:57,251 INFO o.a.j.t.JMeterThread: Thread started: Thread Group 1-163
2025-03-09 19:53:57,572 INFO o.a.j.t.JMeterThread: Thread is done: Thread Group 1-162
2025-03-09 19:53:57,572 INFO o.a.j.t.JMeterThread: Thread finished: Thread Group 1-162
2025-03-09 19:53:57,612 INFO o.a.j.t.JMeterThread: Thread started: Thread Group 1-164
2025-03-09 19:53:57,747 INFO o.a.j.t.JMeterThread: Thread is done: Thread Group 1-163
2025-03-09 19:53:57,747 INFO o.a.j.t.JMeterThread: Thread finished: Thread Group 1-163
2025-03-09 19:53:57,973 INFO o.a.j.t.JMeterThread: Thread started: Thread Group 1-165
2025-03-09 19:53:58,123 INFO o.a.j.t.JMeterThread: Thread is done: Thread Group 1-164
2025-03-09 19:53:58,123 INFO o.a.j.t.JMeterThread: Thread finished: Thread Group 1-164
2025-03-09 19:53:58,338 INFO o.a.j.t.JMeterThread: Thread started: Thread Group 1-166
2025-03-09 19:53:58,601 INFO o.a.j.t.JMeterThread: Thread is done: Thread Group 1-165
2025-03-09 19:53:58,601 INFO o.a.j.t.JMeterThread: Thread finished: Thread Group 1-165
2025-03-09 19:53:59,113 INFO o.a.j.t.JMeterThread: Thread is done: Thread Group 1-160
2025-03-09 19:53:59,113 INFO o.a.j.t.JMeterThread: Thread finished: Thread Group 1-160
2025-03-09 19:54:00,219 INFO o.a.j.r.Summariser: summary +     79 in 00:00:30 =    2.6/s Avg:   776 Min:   489 Max:  2943 Err:     0 (0.00%) Active: 1 Started: 166 Finished: 165
2025-03-09 19:54:00,220 INFO o.a.j.r.Summariser: summary =    166 in 00:01:01 =    2.7/s Avg:   685 Min:   489 Max:  2943 Err:     0 (0.00%)
2025-03-09 19:54:00,220 INFO o.a.j.t.JMeterThread: Thread is done: Thread Group 1-166
2025-03-09 19:54:00,220 INFO o.a.j.t.JMeterThread: Thread finished: Thread Group 1-166
2025-03-09 19:54:00,222 INFO o.a.j.e.StandardJMeterEngine: Notifying test listeners of end of test
2025-03-09 19:54:00,223 INFO o.a.j.r.Summariser: summary =    166 in 00:01:01 =    2.7/s Avg:   685 Min:   489 Max:  2943 Err:     0 (0.00%)
2025-03-09 19:54:00,225 INFO o.a.j.JMeter: Generating Dashboard
2025-03-09 19:54:00,225 INFO o.a.j.r.d.ReportGenerator: Flushing result collector before report Generation
2025-03-09 19:54:00,279 INFO o.a.j.r.p.NormalizerSampleConsumer: Using format, 'ms', to parse timeStamp field
2025-03-09 19:54:00,436 INFO o.a.j.r.p.AbstractSampleConsumer: class org.apache.jmeter.report.processor.AggregateConsumer#stopProducing(): beginDate produced 0 samples
2025-03-09 19:54:00,436 INFO o.a.j.r.p.AbstractSampleConsumer: class org.apache.jmeter.report.processor.AggregateConsumer#stopProducing(): endDate produced 0 samples
2025-03-09 19:54:00,451 INFO o.a.j.r.p.AbstractSampleConsumer: class org.apache.jmeter.report.processor.ApdexSummaryConsumer#stopProducing(): apdexSummary produced 0 samples
2025-03-09 19:54:00,451 INFO o.a.j.r.p.AbstractSampleConsumer: class org.apache.jmeter.report.processor.RequestsSummaryConsumer#stopProducing(): requestsSummary produced 0 samples
2025-03-09 19:54:00,461 INFO o.a.j.r.p.AbstractSampleConsumer: class org.apache.jmeter.report.processor.StatisticsSummaryConsumer#stopProducing(): statisticsSummary produced 0 samples
2025-03-09 19:54:00,465 INFO o.a.j.r.p.AbstractSampleConsumer: class org.apache.jmeter.report.processor.Top5ErrorsBySamplerConsumer#stopProducing(): top5ErrorsBySampler produced 0 samples
2025-03-09 19:54:00,465 INFO o.a.j.r.p.AbstractSampleConsumer: class org.apache.jmeter.report.processor.ErrorsSummaryConsumer#stopProducing(): errorsSummary produced 0 samples
2025-03-09 19:54:00,465 INFO o.a.j.r.p.AbstractSampleConsumer: class org.apache.jmeter.report.processor.graph.impl.HitsPerSecondGraphConsumer#stopProducing(): hitsPerSecond produced 0 samples
2025-03-09 19:54:00,517 INFO o.a.j.r.p.AbstractSampleConsumer: class org.apache.jmeter.report.processor.graph.impl.LatencyVSRequestGraphConsumer#stopProducing(): latencyVsRequest produced 0 samples
2025-03-09 19:54:00,518 INFO o.a.j.r.p.AbstractSampleConsumer: class org.apache.jmeter.report.processor.graph.impl.SyntheticResponseTimeDistributionGraphConsumer#stopProducing(): syntheticResponseTimeDistribution produced 0 samples
2025-03-09 19:54:00,518 INFO o.a.j.r.p.AbstractSampleConsumer: class org.apache.jmeter.report.processor.graph.impl.BytesThroughputGraphConsumer#stopProducing(): bytesThroughputOverTime produced 0 samples
2025-03-09 19:54:00,518 INFO o.a.j.r.p.AbstractSampleConsumer: class org.apache.jmeter.report.processor.graph.impl.CodesPerSecondGraphConsumer#stopProducing(): codesPerSecond produced 0 samples
2025-03-09 19:54:00,552 INFO o.a.j.r.p.AbstractSampleConsumer: class org.apache.jmeter.report.processor.graph.impl.ResponseTimeVSRequestGraphConsumer#stopProducing(): responseTimeVsRequest produced 0 samples
2025-03-09 19:54:00,552 INFO o.a.j.r.p.AbstractSampleConsumer: class org.apache.jmeter.report.processor.FilterConsumer#stopProducing(): startIntervalControlerFilter produced 1162 samples
2025-03-09 19:54:00,554 INFO o.a.j.r.p.AbstractSampleConsumer: class org.apache.jmeter.report.processor.graph.impl.TotalTPSGraphConsumer#stopProducing(): totalTPS produced 0 samples
2025-03-09 19:54:00,554 INFO o.a.j.r.p.AbstractSampleConsumer: class org.apache.jmeter.report.processor.graph.impl.ActiveThreadsGraphConsumer#stopProducing(): activeThreadsOverTime produced 0 samples
2025-03-09 19:54:00,554 INFO o.a.j.r.p.AbstractSampleConsumer: class org.apache.jmeter.report.processor.graph.impl.TimeVSThreadGraphConsumer#stopProducing(): timeVsThreads produced 0 samples
2025-03-09 19:54:00,554 INFO o.a.j.r.p.AbstractSampleConsumer: class org.apache.jmeter.report.processor.graph.impl.ResponseTimeDistributionGraphConsumer#stopProducing(): responseTimeDistribution produced 0 samples
2025-03-09 19:54:00,554 INFO o.a.j.r.p.AbstractSampleConsumer: class org.apache.jmeter.report.processor.graph.impl.TransactionsPerSecondGraphConsumer#stopProducing(): transactionsPerSecond produced 0 samples
2025-03-09 19:54:00,554 INFO o.a.j.r.p.AbstractSampleConsumer: class org.apache.jmeter.report.processor.graph.impl.ResponseTimePercentilesGraphConsumer#stopProducing(): responseTimePercentiles produced 0 samples
2025-03-09 19:54:00,556 INFO o.a.j.r.p.AbstractSampleConsumer: class org.apache.jmeter.report.processor.graph.impl.ResponseTimePercentilesOverTimeGraphConsumer#stopProducing(): responseTimePercentilesOverTime produced 0 samples
2025-03-09 19:54:00,556 INFO o.a.j.r.p.AbstractSampleConsumer: class org.apache.jmeter.report.processor.graph.impl.ResponseTimeOverTimeGraphConsumer#stopProducing(): responseTimesOverTime produced 0 samples
2025-03-09 19:54:00,556 INFO o.a.j.r.p.AbstractSampleConsumer: class org.apache.jmeter.report.processor.graph.impl.ConnectTimeOverTimeGraphConsumer#stopProducing(): connectTimeOverTime produced 0 samples
2025-03-09 19:54:00,556 INFO o.a.j.r.p.AbstractSampleConsumer: class org.apache.jmeter.report.processor.graph.impl.LatencyOverTimeGraphConsumer#stopProducing(): latenciesOverTime produced 0 samples
2025-03-09 19:54:00,556 INFO o.a.j.r.p.AbstractSampleConsumer: class org.apache.jmeter.report.processor.FilterConsumer#stopProducing(): nameFilter produced 2490 samples
2025-03-09 19:54:00,556 INFO o.a.j.r.p.AbstractSampleConsumer: class org.apache.jmeter.report.processor.FilterConsumer#stopProducing(): dateRangeFilter produced 498 samples
2025-03-09 19:54:00,557 INFO o.a.j.r.p.AbstractSampleConsumer: class org.apache.jmeter.report.processor.NormalizerSampleConsumer#stopProducing(): normalizer produced 166 samples
2025-03-09 19:54:00,558 INFO o.a.j.r.p.CsvFileSampleSource: produce(): 166 samples produced in 228ms on channel 0
2025-03-09 19:54:00,558 INFO o.a.j.r.d.ReportGenerator: Exporting data using exporter:'json' of className:'org.apache.jmeter.report.dashboard.JsonExporter'
2025-03-09 19:54:00,674 INFO o.a.j.r.d.JsonExporter: Found data for consumer statisticsSummaryin context
2025-03-09 19:54:00,674 INFO o.a.j.r.d.JsonExporter: Creating statistics for overall
2025-03-09 19:54:00,675 INFO o.a.j.r.d.JsonExporter: Creating statistics for other transactions
2025-03-09 19:54:00,675 INFO o.a.j.r.d.JsonExporter: Checking output folder
2025-03-09 19:54:00,676 INFO o.a.j.r.d.JsonExporter: Writing statistics JSON to D:\Jmeter\apache-jmeter-5.6.3\bin\raad_reports\Reports\statistics.json
2025-03-09 19:54:00,745 INFO o.a.j.r.d.ReportGenerator: Exporting data using exporter:'html' of className:'org.apache.jmeter.report.dashboard.HtmlTemplateExporter'
2025-03-09 19:54:00,749 INFO o.a.j.r.d.HtmlTemplateExporter: Will generate dashboard in folder: D:\Jmeter\apache-jmeter-5.6.3\bin\raad_reports\Reports
2025-03-09 19:54:00,915 INFO o.a.j.r.d.HtmlTemplateExporter: Report will be generated in: D:\Jmeter\apache-jmeter-5.6.3\bin\raad_reports\Reports, creating folder structure
2025-03-09 19:54:00,917 INFO o.a.j.r.d.TemplateVisitor: Copying folder from 'D:\Jmeter\apache-jmeter-5.6.3\bin\report-template' to 'D:\Jmeter\apache-jmeter-5.6.3\bin\raad_reports\Reports', got message: D:\Jmeter\apache-jmeter-5.6.3\bin\raad_reports\Reports, found non empty folder with following content [D:\Jmeter\apache-jmeter-5.6.3\bin\raad_reports\Reports\statistics.json], will be ignored
2025-03-09 19:54:01,680 INFO o.a.j.JMeter: Dashboard generated
